<?xml version="1.0" encoding="UTF-8"?>
<testng-results skipped="0" failed="0" total="1" passed="1">
  <reporter-output>
  </reporter-output>
  <suite name="Default suite" duration-ms="4274" started-at="2016-07-15T11:45:59Z" finished-at="2016-07-15T11:46:03Z">
    <groups>
    </groups>
    <test name="Default test" duration-ms="4274" started-at="2016-07-15T11:45:59Z" finished-at="2016-07-15T11:46:03Z">
      <class name="com.ulewo.test.service.SignInTest">
        <test-method status="PASS" signature="springTestContextBeforeTestClass()[pri:0, instance:com.ulewo.test.service.SignInTest@75881071]" name="springTestContextBeforeTestClass" is-config="true" duration-ms="15" started-at="2016-07-15T19:45:59Z" finished-at="2016-07-15T19:45:59Z">
          <reporter-output>
          </reporter-output>
        </test-method> <!-- springTestContextBeforeTestClass -->
        <test-method status="PASS" signature="springTestContextPrepareTestInstance()[pri:0, instance:com.ulewo.test.service.SignInTest@75881071]" name="springTestContextPrepareTestInstance" is-config="true" duration-ms="3834" started-at="2016-07-15T19:45:59Z" depends-on-methods="org.springframework.test.context.testng.AbstractTestNGSpringContextTests.springTestContextBeforeTestClass" finished-at="2016-07-15T19:46:03Z">
          <reporter-output>
          </reporter-output>
        </test-method> <!-- springTestContextPrepareTestInstance -->
        <test-method status="PASS" signature="springTestContextBeforeTestMethod(java.lang.reflect.Method)[pri:0, instance:com.ulewo.test.service.SignInTest@75881071]" name="springTestContextBeforeTestMethod" is-config="true" duration-ms="3" started-at="2016-07-15T19:46:03Z" finished-at="2016-07-15T19:46:03Z">
          <params>
            <param index="0">
              <value>
                <![CDATA[public void com.ulewo.test.service.SignInTest.findSignInInfoByUserId()]]>
              </value>
            </param>
          </params>
          <reporter-output>
          </reporter-output>
        </test-method> <!-- springTestContextBeforeTestMethod -->
        <test-method status="PASS" signature="findSignInInfoByUserId()[pri:0, instance:com.ulewo.test.service.SignInTest@75881071]" name="findSignInInfoByUserId" duration-ms="400" started-at="2016-07-15T19:46:03Z" finished-at="2016-07-15T19:46:03Z">
          <reporter-output>
          </reporter-output>
        </test-method> <!-- findSignInInfoByUserId -->
        <test-method status="PASS" signature="springTestContextAfterTestMethod(java.lang.reflect.Method)[pri:0, instance:com.ulewo.test.service.SignInTest@75881071]" name="springTestContextAfterTestMethod" is-config="true" duration-ms="1" started-at="2016-07-15T19:46:03Z" finished-at="2016-07-15T19:46:03Z">
          <params>
            <param index="0">
              <value>
                <![CDATA[public void com.ulewo.test.service.SignInTest.findSignInInfoByUserId()]]>
              </value>
            </param>
          </params>
          <reporter-output>
          </reporter-output>
        </test-method> <!-- springTestContextAfterTestMethod -->
        <test-method status="PASS" signature="springTestContextAfterTestClass()[pri:0, instance:com.ulewo.test.service.SignInTest@75881071]" name="springTestContextAfterTestClass" is-config="true" duration-ms="0" started-at="2016-07-15T19:46:03Z" finished-at="2016-07-15T19:46:03Z">
          <reporter-output>
          </reporter-output>
        </test-method> <!-- springTestContextAfterTestClass -->
      </class> <!-- com.ulewo.test.service.SignInTest -->
    </test> <!-- Default test -->
  </suite> <!-- Default suite -->
</testng-results>
